2024-06-27 17:42:03,690 [Worker-1: Loading available Gradle versions] INFO  o.e.b.c.i.u.g.PublishedGradleVersions - Gradle version information cache is up-to-date. Trying to read.
2024-06-27 17:47:20,932 [Worker-17: Launching mavenrun-814d280a-a0ae-4616-b08e-edd95930eb47] INFO  o.eclipse.m2e.core.internal.Bundles - getClasspathEntries(Bundle=org.eclipse.m2e.maven.runtime_3.9.600.20231203-1234 [297])
2024-06-27 17:47:20,935 [Worker-17: Launching mavenrun-814d280a-a0ae-4616-b08e-edd95930eb47] INFO  o.eclipse.m2e.core.internal.Bundles - 	Entry: C:\Users\Caio Gomes Silva\.p2\pool\plugins\org.eclipse.m2e.maven.runtime_3.9.600.20231203-1234
2024-06-27 17:47:20,935 [Worker-17: Launching mavenrun-814d280a-a0ae-4616-b08e-edd95930eb47] INFO  o.eclipse.m2e.core.internal.Bundles - 	Entry: C:\Users\Caio Gomes Silva\.p2\pool\plugins\org.eclipse.m2e.maven.runtime_3.9.600.20231203-1234\jars\aopalliance-1.0.jar
2024-06-27 17:47:20,936 [Worker-17: Launching mavenrun-814d280a-a0ae-4616-b08e-edd95930eb47] INFO  o.eclipse.m2e.core.internal.Bundles - 	Entry: C:\Users\Caio Gomes Silva\.p2\pool\plugins\org.eclipse.m2e.maven.runtime_3.9.600.20231203-1234\jars\guice-5.1.0.jar
2024-06-27 17:47:20,936 [Worker-17: Launching mavenrun-814d280a-a0ae-4616-b08e-edd95930eb47] INFO  o.eclipse.m2e.core.internal.Bundles - 	Entry: C:\Users\Caio Gomes Silva\.p2\pool\plugins\org.eclipse.m2e.maven.runtime_3.9.600.20231203-1234\jars\httpclient-4.5.14.jar
2024-06-27 17:47:20,936 [Worker-17: Launching mavenrun-814d280a-a0ae-4616-b08e-edd95930eb47] INFO  o.eclipse.m2e.core.internal.Bundles - 	Entry: C:\Users\Caio Gomes Silva\.p2\pool\plugins\org.eclipse.m2e.maven.runtime_3.9.600.20231203-1234\jars\httpcore-4.4.16.jar
2024-06-27 17:47:20,936 [Worker-17: Launching mavenrun-814d280a-a0ae-4616-b08e-edd95930eb47] INFO  o.eclipse.m2e.core.internal.Bundles - 	Entry: C:\Users\Caio Gomes Silva\.p2\pool\plugins\org.eclipse.m2e.maven.runtime_3.9.600.20231203-1234\jars\jansi-2.4.0.jar
2024-06-27 17:47:20,936 [Worker-17: Launching mavenrun-814d280a-a0ae-4616-b08e-edd95930eb47] INFO  o.eclipse.m2e.core.internal.Bundles - 	Entry: C:\Users\Caio Gomes Silva\.p2\pool\plugins\org.eclipse.m2e.maven.runtime_3.9.600.20231203-1234\jars\jcl-over-slf4j-1.7.36.jar
2024-06-27 17:47:20,936 [Worker-17: Launching mavenrun-814d280a-a0ae-4616-b08e-edd95930eb47] INFO  o.eclipse.m2e.core.internal.Bundles - 	Entry: C:\Users\Caio Gomes Silva\.p2\pool\plugins\org.eclipse.m2e.maven.runtime_3.9.600.20231203-1234\jars\maven-artifact-3.9.6.jar
2024-06-27 17:47:20,936 [Worker-17: Launching mavenrun-814d280a-a0ae-4616-b08e-edd95930eb47] INFO  o.eclipse.m2e.core.internal.Bundles - 	Entry: C:\Users\Caio Gomes Silva\.p2\pool\plugins\org.eclipse.m2e.maven.runtime_3.9.600.20231203-1234\jars\maven-builder-support-3.9.6.jar
2024-06-27 17:47:20,937 [Worker-17: Launching mavenrun-814d280a-a0ae-4616-b08e-edd95930eb47] INFO  o.eclipse.m2e.core.internal.Bundles - 	Entry: C:\Users\Caio Gomes Silva\.p2\pool\plugins\org.eclipse.m2e.maven.runtime_3.9.600.20231203-1234\jars\maven-compat-3.9.6.jar
2024-06-27 17:47:20,937 [Worker-17: Launching mavenrun-814d280a-a0ae-4616-b08e-edd95930eb47] INFO  o.eclipse.m2e.core.internal.Bundles - 	Entry: C:\Users\Caio Gomes Silva\.p2\pool\plugins\org.eclipse.m2e.maven.runtime_3.9.600.20231203-1234\jars\maven-core-3.9.6.jar
2024-06-27 17:47:20,937 [Worker-17: Launching mavenrun-814d280a-a0ae-4616-b08e-edd95930eb47] INFO  o.eclipse.m2e.core.internal.Bundles - 	Entry: C:\Users\Caio Gomes Silva\.p2\pool\plugins\org.eclipse.m2e.maven.runtime_3.9.600.20231203-1234\jars\maven-embedder-3.9.6.jar
2024-06-27 17:47:20,937 [Worker-17: Launching mavenrun-814d280a-a0ae-4616-b08e-edd95930eb47] INFO  o.eclipse.m2e.core.internal.Bundles - 	Entry: C:\Users\Caio Gomes Silva\.p2\pool\plugins\org.eclipse.m2e.maven.runtime_3.9.600.20231203-1234\jars\maven-model-3.9.6.jar
2024-06-27 17:47:20,937 [Worker-17: Launching mavenrun-814d280a-a0ae-4616-b08e-edd95930eb47] INFO  o.eclipse.m2e.core.internal.Bundles - 	Entry: C:\Users\Caio Gomes Silva\.p2\pool\plugins\org.eclipse.m2e.maven.runtime_3.9.600.20231203-1234\jars\maven-model-builder-3.9.6.jar
2024-06-27 17:47:20,937 [Worker-17: Launching mavenrun-814d280a-a0ae-4616-b08e-edd95930eb47] INFO  o.eclipse.m2e.core.internal.Bundles - 	Entry: C:\Users\Caio Gomes Silva\.p2\pool\plugins\org.eclipse.m2e.maven.runtime_3.9.600.20231203-1234\jars\maven-plugin-api-3.9.6.jar
2024-06-27 17:47:20,937 [Worker-17: Launching mavenrun-814d280a-a0ae-4616-b08e-edd95930eb47] INFO  o.eclipse.m2e.core.internal.Bundles - 	Entry: C:\Users\Caio Gomes Silva\.p2\pool\plugins\org.eclipse.m2e.maven.runtime_3.9.600.20231203-1234\jars\maven-repository-metadata-3.9.6.jar
2024-06-27 17:47:20,937 [Worker-17: Launching mavenrun-814d280a-a0ae-4616-b08e-edd95930eb47] INFO  o.eclipse.m2e.core.internal.Bundles - 	Entry: C:\Users\Caio Gomes Silva\.p2\pool\plugins\org.eclipse.m2e.maven.runtime_3.9.600.20231203-1234\jars\maven-resolver-api-1.9.18.jar
2024-06-27 17:47:20,937 [Worker-17: Launching mavenrun-814d280a-a0ae-4616-b08e-edd95930eb47] INFO  o.eclipse.m2e.core.internal.Bundles - 	Entry: C:\Users\Caio Gomes Silva\.p2\pool\plugins\org.eclipse.m2e.maven.runtime_3.9.600.20231203-1234\jars\maven-resolver-connector-basic-1.9.18.jar
2024-06-27 17:47:20,938 [Worker-17: Launching mavenrun-814d280a-a0ae-4616-b08e-edd95930eb47] INFO  o.eclipse.m2e.core.internal.Bundles - 	Entry: C:\Users\Caio Gomes Silva\.p2\pool\plugins\org.eclipse.m2e.maven.runtime_3.9.600.20231203-1234\jars\maven-resolver-impl-1.9.18.jar
2024-06-27 17:47:20,938 [Worker-17: Launching mavenrun-814d280a-a0ae-4616-b08e-edd95930eb47] INFO  o.eclipse.m2e.core.internal.Bundles - 	Entry: C:\Users\Caio Gomes Silva\.p2\pool\plugins\org.eclipse.m2e.maven.runtime_3.9.600.20231203-1234\jars\maven-resolver-named-locks-1.9.18.jar
2024-06-27 17:47:20,938 [Worker-17: Launching mavenrun-814d280a-a0ae-4616-b08e-edd95930eb47] INFO  o.eclipse.m2e.core.internal.Bundles - 	Entry: C:\Users\Caio Gomes Silva\.p2\pool\plugins\org.eclipse.m2e.maven.runtime_3.9.600.20231203-1234\jars\maven-resolver-provider-3.9.6.jar
2024-06-27 17:47:20,938 [Worker-17: Launching mavenrun-814d280a-a0ae-4616-b08e-edd95930eb47] INFO  o.eclipse.m2e.core.internal.Bundles - 	Entry: C:\Users\Caio Gomes Silva\.p2\pool\plugins\org.eclipse.m2e.maven.runtime_3.9.600.20231203-1234\jars\maven-resolver-spi-1.9.18.jar
2024-06-27 17:47:20,938 [Worker-17: Launching mavenrun-814d280a-a0ae-4616-b08e-edd95930eb47] INFO  o.eclipse.m2e.core.internal.Bundles - 	Entry: C:\Users\Caio Gomes Silva\.p2\pool\plugins\org.eclipse.m2e.maven.runtime_3.9.600.20231203-1234\jars\maven-resolver-transport-file-1.9.18.jar
2024-06-27 17:47:20,938 [Worker-17: Launching mavenrun-814d280a-a0ae-4616-b08e-edd95930eb47] INFO  o.eclipse.m2e.core.internal.Bundles - 	Entry: C:\Users\Caio Gomes Silva\.p2\pool\plugins\org.eclipse.m2e.maven.runtime_3.9.600.20231203-1234\jars\maven-resolver-transport-http-1.9.18.jar
2024-06-27 17:47:20,938 [Worker-17: Launching mavenrun-814d280a-a0ae-4616-b08e-edd95930eb47] INFO  o.eclipse.m2e.core.internal.Bundles - 	Entry: C:\Users\Caio Gomes Silva\.p2\pool\plugins\org.eclipse.m2e.maven.runtime_3.9.600.20231203-1234\jars\maven-resolver-transport-wagon-1.9.18.jar
2024-06-27 17:47:20,938 [Worker-17: Launching mavenrun-814d280a-a0ae-4616-b08e-edd95930eb47] INFO  o.eclipse.m2e.core.internal.Bundles - 	Entry: C:\Users\Caio Gomes Silva\.p2\pool\plugins\org.eclipse.m2e.maven.runtime_3.9.600.20231203-1234\jars\maven-resolver-util-1.9.18.jar
2024-06-27 17:47:20,938 [Worker-17: Launching mavenrun-814d280a-a0ae-4616-b08e-edd95930eb47] INFO  o.eclipse.m2e.core.internal.Bundles - 	Entry: C:\Users\Caio Gomes Silva\.p2\pool\plugins\org.eclipse.m2e.maven.runtime_3.9.600.20231203-1234\jars\maven-settings-3.9.6.jar
2024-06-27 17:47:20,938 [Worker-17: Launching mavenrun-814d280a-a0ae-4616-b08e-edd95930eb47] INFO  o.eclipse.m2e.core.internal.Bundles - 	Entry: C:\Users\Caio Gomes Silva\.p2\pool\plugins\org.eclipse.m2e.maven.runtime_3.9.600.20231203-1234\jars\maven-settings-builder-3.9.6.jar
2024-06-27 17:47:20,939 [Worker-17: Launching mavenrun-814d280a-a0ae-4616-b08e-edd95930eb47] INFO  o.eclipse.m2e.core.internal.Bundles - 	Entry: C:\Users\Caio Gomes Silva\.p2\pool\plugins\org.eclipse.m2e.maven.runtime_3.9.600.20231203-1234\jars\maven-shared-utils-3.3.4.jar
2024-06-27 17:47:20,939 [Worker-17: Launching mavenrun-814d280a-a0ae-4616-b08e-edd95930eb47] INFO  o.eclipse.m2e.core.internal.Bundles - 	Entry: C:\Users\Caio Gomes Silva\.p2\pool\plugins\org.eclipse.m2e.maven.runtime_3.9.600.20231203-1234\jars\org.eclipse.sisu.inject-0.9.0.M2.jar
2024-06-27 17:47:20,939 [Worker-17: Launching mavenrun-814d280a-a0ae-4616-b08e-edd95930eb47] INFO  o.eclipse.m2e.core.internal.Bundles - 	Entry: C:\Users\Caio Gomes Silva\.p2\pool\plugins\org.eclipse.m2e.maven.runtime_3.9.600.20231203-1234\jars\org.eclipse.sisu.plexus-0.9.0.M2.jar
2024-06-27 17:47:20,939 [Worker-17: Launching mavenrun-814d280a-a0ae-4616-b08e-edd95930eb47] INFO  o.eclipse.m2e.core.internal.Bundles - 	Entry: C:\Users\Caio Gomes Silva\.p2\pool\plugins\org.eclipse.m2e.maven.runtime_3.9.600.20231203-1234\jars\plexus-build-api-0.0.7.jar
2024-06-27 17:47:20,939 [Worker-17: Launching mavenrun-814d280a-a0ae-4616-b08e-edd95930eb47] INFO  o.eclipse.m2e.core.internal.Bundles - 	Entry: C:\Users\Caio Gomes Silva\.p2\pool\plugins\org.eclipse.m2e.maven.runtime_3.9.600.20231203-1234\jars\plexus-cipher-2.0.jar
2024-06-27 17:47:20,939 [Worker-17: Launching mavenrun-814d280a-a0ae-4616-b08e-edd95930eb47] INFO  o.eclipse.m2e.core.internal.Bundles - 	Entry: C:\Users\Caio Gomes Silva\.p2\pool\plugins\org.eclipse.m2e.maven.runtime_3.9.600.20231203-1234\jars\plexus-classworlds-2.7.0.jar
2024-06-27 17:47:20,939 [Worker-17: Launching mavenrun-814d280a-a0ae-4616-b08e-edd95930eb47] INFO  o.eclipse.m2e.core.internal.Bundles - 	Entry: C:\Users\Caio Gomes Silva\.p2\pool\plugins\org.eclipse.m2e.maven.runtime_3.9.600.20231203-1234\jars\plexus-component-annotations-2.1.0.jar
2024-06-27 17:47:20,939 [Worker-17: Launching mavenrun-814d280a-a0ae-4616-b08e-edd95930eb47] INFO  o.eclipse.m2e.core.internal.Bundles - 	Entry: C:\Users\Caio Gomes Silva\.p2\pool\plugins\org.eclipse.m2e.maven.runtime_3.9.600.20231203-1234\jars\plexus-interpolation-1.26.jar
2024-06-27 17:47:20,939 [Worker-17: Launching mavenrun-814d280a-a0ae-4616-b08e-edd95930eb47] INFO  o.eclipse.m2e.core.internal.Bundles - 	Entry: C:\Users\Caio Gomes Silva\.p2\pool\plugins\org.eclipse.m2e.maven.runtime_3.9.600.20231203-1234\jars\plexus-sec-dispatcher-2.0.jar
2024-06-27 17:47:20,939 [Worker-17: Launching mavenrun-814d280a-a0ae-4616-b08e-edd95930eb47] INFO  o.eclipse.m2e.core.internal.Bundles - 	Entry: C:\Users\Caio Gomes Silva\.p2\pool\plugins\org.eclipse.m2e.maven.runtime_3.9.600.20231203-1234\jars\plexus-utils-3.5.1.jar
2024-06-27 17:47:20,939 [Worker-17: Launching mavenrun-814d280a-a0ae-4616-b08e-edd95930eb47] INFO  o.eclipse.m2e.core.internal.Bundles - 	Entry: C:\Users\Caio Gomes Silva\.p2\pool\plugins\org.eclipse.m2e.maven.runtime_3.9.600.20231203-1234\jars\wagon-file-3.5.3.jar
2024-06-27 17:47:20,940 [Worker-17: Launching mavenrun-814d280a-a0ae-4616-b08e-edd95930eb47] INFO  o.eclipse.m2e.core.internal.Bundles - 	Entry: C:\Users\Caio Gomes Silva\.p2\pool\plugins\org.eclipse.m2e.maven.runtime_3.9.600.20231203-1234\jars\wagon-http-3.5.3.jar
2024-06-27 17:47:20,940 [Worker-17: Launching mavenrun-814d280a-a0ae-4616-b08e-edd95930eb47] INFO  o.eclipse.m2e.core.internal.Bundles - 	Entry: C:\Users\Caio Gomes Silva\.p2\pool\plugins\org.eclipse.m2e.maven.runtime_3.9.600.20231203-1234\jars\wagon-http-shared-3.5.3.jar
2024-06-27 17:47:20,940 [Worker-17: Launching mavenrun-814d280a-a0ae-4616-b08e-edd95930eb47] INFO  o.eclipse.m2e.core.internal.Bundles - 	Entry: C:\Users\Caio Gomes Silva\.p2\pool\plugins\org.eclipse.m2e.maven.runtime_3.9.600.20231203-1234\jars\wagon-provider-api-3.5.3.jar
2024-06-27 17:47:20,942 [Worker-17: Launching mavenrun-814d280a-a0ae-4616-b08e-edd95930eb47] INFO  o.eclipse.m2e.core.internal.Bundles - getClasspathEntries(Bundle=com.google.guava_33.0.0.jre [10])
2024-06-27 17:47:20,943 [Worker-17: Launching mavenrun-814d280a-a0ae-4616-b08e-edd95930eb47] INFO  o.eclipse.m2e.core.internal.Bundles - 	Entry: C:\Users\Caio Gomes Silva\.p2\pool\plugins\com.google.guava_33.0.0.jre.jar
2024-06-27 17:47:20,943 [Worker-17: Launching mavenrun-814d280a-a0ae-4616-b08e-edd95930eb47] INFO  o.eclipse.m2e.core.internal.Bundles - getClasspathEntries(Bundle=slf4j.api_2.0.13 [518])
2024-06-27 17:47:20,943 [Worker-17: Launching mavenrun-814d280a-a0ae-4616-b08e-edd95930eb47] INFO  o.eclipse.m2e.core.internal.Bundles - 	Entry: C:\Users\Caio Gomes Silva\.p2\pool\plugins\slf4j.api_2.0.13.jar
2024-06-27 17:47:20,943 [Worker-17: Launching mavenrun-814d280a-a0ae-4616-b08e-edd95930eb47] INFO  o.eclipse.m2e.core.internal.Bundles - getClasspathEntries(Bundle=jakarta.inject.jakarta.inject-api_1.0.5 [22])
2024-06-27 17:47:20,943 [Worker-17: Launching mavenrun-814d280a-a0ae-4616-b08e-edd95930eb47] INFO  o.eclipse.m2e.core.internal.Bundles - 	Entry: C:\Users\Caio Gomes Silva\.p2\pool\plugins\jakarta.inject.jakarta.inject-api_1.0.5.jar
2024-06-27 17:47:20,943 [Worker-17: Launching mavenrun-814d280a-a0ae-4616-b08e-edd95930eb47] INFO  o.eclipse.m2e.core.internal.Bundles - getClasspathEntries(Bundle=jakarta.annotation-api_1.3.5 [20])
2024-06-27 17:47:20,944 [Worker-17: Launching mavenrun-814d280a-a0ae-4616-b08e-edd95930eb47] INFO  o.eclipse.m2e.core.internal.Bundles - 	Entry: C:\Users\Caio Gomes Silva\.p2\pool\plugins\jakarta.annotation-api_1.3.5.jar
2024-06-27 17:47:20,944 [Worker-17: Launching mavenrun-814d280a-a0ae-4616-b08e-edd95930eb47] INFO  o.eclipse.m2e.core.internal.Bundles - getClasspathEntries(Bundle=org.apache.commons.cli_1.6.0 [46])
2024-06-27 17:47:20,944 [Worker-17: Launching mavenrun-814d280a-a0ae-4616-b08e-edd95930eb47] INFO  o.eclipse.m2e.core.internal.Bundles - 	Entry: C:\Users\Caio Gomes Silva\.p2\pool\plugins\org.apache.commons.cli_1.6.0.jar
2024-06-27 17:47:20,944 [Worker-17: Launching mavenrun-814d280a-a0ae-4616-b08e-edd95930eb47] INFO  o.eclipse.m2e.core.internal.Bundles - getClasspathEntries(Bundle=org.apache.commons.commons-codec_1.16.0 [47])
2024-06-27 17:47:20,944 [Worker-17: Launching mavenrun-814d280a-a0ae-4616-b08e-edd95930eb47] INFO  o.eclipse.m2e.core.internal.Bundles - 	Entry: C:\Users\Caio Gomes Silva\.p2\pool\plugins\org.apache.commons.commons-codec_1.16.0.jar
2024-06-27 17:47:20,944 [Worker-17: Launching mavenrun-814d280a-a0ae-4616-b08e-edd95930eb47] INFO  o.eclipse.m2e.core.internal.Bundles - getClasspathEntries(Bundle=org.apache.commons.lang3_3.14.0 [53])
2024-06-27 17:47:20,945 [Worker-17: Launching mavenrun-814d280a-a0ae-4616-b08e-edd95930eb47] INFO  o.eclipse.m2e.core.internal.Bundles - 	Entry: C:\Users\Caio Gomes Silva\.p2\pool\plugins\org.apache.commons.lang3_3.14.0.jar
2024-06-27 17:47:20,945 [Worker-17: Launching mavenrun-814d280a-a0ae-4616-b08e-edd95930eb47] INFO  o.eclipse.m2e.core.internal.Bundles - getClasspathEntries(Bundle=com.google.guava.failureaccess_1.0.2 [11])
2024-06-27 17:47:20,945 [Worker-17: Launching mavenrun-814d280a-a0ae-4616-b08e-edd95930eb47] INFO  o.eclipse.m2e.core.internal.Bundles - 	Entry: C:\Users\Caio Gomes Silva\.p2\pool\plugins\com.google.guava.failureaccess_1.0.2.jar
2024-06-27 17:47:20,952 [Worker-17: Launching mavenrun-814d280a-a0ae-4616-b08e-edd95930eb47] INFO  o.e.m.i.launch.MavenLaunchDelegate - Run build in "C:\Users\CAIOGO~1\AppData\Local\Temp\m2e-archetypeGenerator928151102563261608":
2024-06-27 17:47:20,956 [Worker-17: Launching mavenrun-814d280a-a0ae-4616-b08e-edd95930eb47] INFO  o.e.m.i.launch.MavenLaunchDelegate -  mvn  -DarchetypeGroupId=org.apache.maven.archetypes -DarchetypeArtifactId=maven-archetype-quickstart -DarchetypeVersion=1.1 -DgroupId=one.digital.innovation -DartifactId=testes-com-eclipse -Dversion=0.0.1-SNAPSHOT -Dpackage=one.digital.innovation.testes_com_eclipse -DoutputDirectory="C:\Users\Caio Gomes Silva\Documents\BootcampSantanderJava\Java_Maven\Aulas" -Dstyle.color=always -U archetype:generate
2024-06-27 17:48:34,840 [Worker-14: Creating maven-archetype-quickstart] INFO  o.e.m.c.i.p.ProjectConfigurationManager - Collecting project info '/pom.xml' C:\Users\Caio Gomes Silva\Documents\BootcampSantanderJava\Java_Maven\Aulas\testes-com-eclipse\pom.xml
2024-06-27 17:48:35,342 [Worker-14: Creating maven-archetype-quickstart] INFO  o.e.m.c.i.l.LifecycleMappingFactory - Using org.eclipse.m2e.jdt.JarLifecycleMapping lifecycle mapping for MavenProject: one.digital.innovation:testes-com-eclipse:0.0.1-SNAPSHOT @ C:\Users\Caio Gomes Silva\Documents\BootcampSantanderJava\Java_Maven\Aulas\testes-com-eclipse\pom.xml.
2024-06-27 17:48:35,883 [Worker-14: Creating maven-archetype-quickstart] INFO  o.e.m.j.i.AbstractJavaProjectConfigurator - Adding source folder /testes-com-eclipse/src/main/java
2024-06-27 17:48:35,885 [Worker-14: Creating maven-archetype-quickstart] INFO  o.e.m.j.i.AbstractJavaProjectConfigurator - Adding resource folder /testes-com-eclipse/src/main/resources
2024-06-27 17:48:35,889 [Worker-14: Creating maven-archetype-quickstart] INFO  o.e.m.j.i.AbstractJavaProjectConfigurator - Adding source folder /testes-com-eclipse/src/test/java
2024-06-27 17:48:35,890 [Worker-14: Creating maven-archetype-quickstart] INFO  o.e.m.j.i.AbstractJavaProjectConfigurator - Adding resource folder /testes-com-eclipse/src/test/resources
2024-06-27 17:48:35,968 [Worker-14: Creating maven-archetype-quickstart] INFO  o.e.m.c.i.p.ProjectConfigurationManager - Imported and configured 1 project(s) in 1 sec
2024-06-27 17:48:36,770 [Worker-14: Building] INFO  o.a.m.s.f.DefaultMavenResourcesFiltering - skip non existing resourceDirectory C:\Users\Caio Gomes Silva\Documents\BootcampSantanderJava\Java_Maven\Aulas\testes-com-eclipse\src\main\resources
2024-06-27 17:48:36,773 [Worker-14: Building] INFO  o.a.m.s.f.DefaultMavenResourcesFiltering - skip non existing resourceDirectory C:\Users\Caio Gomes Silva\Documents\BootcampSantanderJava\Java_Maven\Aulas\testes-com-eclipse\src\test\resources
2024-06-27 17:48:36,897 [Worker-32: Download sources and javadoc] INFO  o.e.m.c.i.e.AbstractTransferListenerAdapter - Downloading https://repo.maven.apache.org/maven2/junit/junit/3.8.1/junit-3.8.1-sources.jar
2024-06-27 17:48:36,925 [Worker-32: Download sources and javadoc] INFO  o.e.m.c.i.e.AbstractTransferListenerAdapter - Downloaded https://repo.maven.apache.org/maven2/junit/junit/3.8.1/junit-3.8.1-sources.jar
2024-06-27 17:48:36,931 [Worker-32: Download sources and javadoc] INFO  o.e.m.j.internal.DownloadSourcesJob - Downloaded sources for junit:junit:3.8.1
2024-06-27 17:51:31,832 [Worker-31: Building] INFO  o.a.m.s.f.DefaultMavenResourcesFiltering - skip non existing resourceDirectory C:\Users\Caio Gomes Silva\Documents\BootcampSantanderJava\Java_Maven\Aulas\testes-com-eclipse\src\main\resources
2024-06-27 17:51:31,835 [Worker-31: Building] INFO  o.a.m.s.f.DefaultMavenResourcesFiltering - skip non existing resourceDirectory C:\Users\Caio Gomes Silva\Documents\BootcampSantanderJava\Java_Maven\Aulas\testes-com-eclipse\src\test\resources
2024-06-27 17:52:08,380 [Worker-32: Building] INFO  o.a.m.s.f.DefaultMavenResourcesFiltering - skip non existing resourceDirectory C:\Users\Caio Gomes Silva\Documents\BootcampSantanderJava\Java_Maven\Aulas\testes-com-eclipse\src\main\resources
2024-06-27 17:52:08,384 [Worker-32: Building] INFO  o.a.m.s.f.DefaultMavenResourcesFiltering - skip non existing resourceDirectory C:\Users\Caio Gomes Silva\Documents\BootcampSantanderJava\Java_Maven\Aulas\testes-com-eclipse\src\test\resources
2024-06-27 17:54:32,249 [Worker-34: Launching RecursosTeste] INFO  o.e.m.c.i.l.LifecycleMappingFactory - Using org.eclipse.m2e.jdt.JarLifecycleMapping lifecycle mapping for MavenProject: one.digital.innovation:testes-com-eclipse:0.0.1-SNAPSHOT @ C:\Users\Caio Gomes Silva\Documents\BootcampSantanderJava\Java_Maven\Aulas\testes-com-eclipse\pom.xml.
2024-06-27 17:54:32,420 [Worker-34: Launching RecursosTeste] INFO  o.a.m.s.f.DefaultMavenResourcesFiltering - skip non existing resourceDirectory C:\Users\Caio Gomes Silva\Documents\BootcampSantanderJava\Java_Maven\Aulas\testes-com-eclipse\src\main\resources
2024-06-27 17:54:32,423 [Worker-34: Launching RecursosTeste] INFO  o.a.m.s.f.DefaultMavenResourcesFiltering - skip non existing resourceDirectory C:\Users\Caio Gomes Silva\Documents\BootcampSantanderJava\Java_Maven\Aulas\testes-com-eclipse\src\test\resources
2024-06-27 17:54:32,962 [Worker-31: Building] INFO  o.a.m.s.f.DefaultMavenResourcesFiltering - skip non existing resourceDirectory C:\Users\Caio Gomes Silva\Documents\BootcampSantanderJava\Java_Maven\Aulas\testes-com-eclipse\src\main\resources
2024-06-27 17:54:32,966 [Worker-31: Building] INFO  o.a.m.s.f.DefaultMavenResourcesFiltering - skip non existing resourceDirectory C:\Users\Caio Gomes Silva\Documents\BootcampSantanderJava\Java_Maven\Aulas\testes-com-eclipse\src\test\resources
2024-06-27 17:54:33,461 [Worker-31: Download sources and javadoc] INFO  o.e.m.c.i.e.AbstractTransferListenerAdapter - Downloading https://repo.maven.apache.org/maven2/org/junit/jupiter/junit-jupiter-api/5.11.0-M2/junit-jupiter-api-5.11.0-M2-sources.jar
2024-06-27 17:54:33,517 [Worker-31: Download sources and javadoc] INFO  o.e.m.c.i.e.AbstractTransferListenerAdapter - Downloaded https://repo.maven.apache.org/maven2/org/junit/jupiter/junit-jupiter-api/5.11.0-M2/junit-jupiter-api-5.11.0-M2-sources.jar
2024-06-27 17:54:33,522 [Worker-31: Download sources and javadoc] INFO  o.e.m.j.internal.DownloadSourcesJob - Downloaded sources for org.junit.jupiter:junit-jupiter-api:5.11.0-M2
2024-06-27 17:54:33,601 [Worker-31: Download sources and javadoc] INFO  o.e.m.c.i.e.AbstractTransferListenerAdapter - Downloading https://repo.maven.apache.org/maven2/org/opentest4j/opentest4j/1.3.0/opentest4j-1.3.0-sources.jar
2024-06-27 17:54:33,607 [Worker-31: Download sources and javadoc] INFO  o.e.m.c.i.e.AbstractTransferListenerAdapter - Downloaded https://repo.maven.apache.org/maven2/org/opentest4j/opentest4j/1.3.0/opentest4j-1.3.0-sources.jar
2024-06-27 17:54:33,613 [Worker-31: Download sources and javadoc] INFO  o.e.m.j.internal.DownloadSourcesJob - Downloaded sources for org.opentest4j:opentest4j:1.3.0
2024-06-27 17:54:33,693 [Worker-31: Download sources and javadoc] INFO  o.e.m.c.i.e.AbstractTransferListenerAdapter - Downloading https://repo.maven.apache.org/maven2/org/junit/platform/junit-platform-commons/1.11.0-M2/junit-platform-commons-1.11.0-M2-sources.jar
2024-06-27 17:54:33,724 [Worker-31: Download sources and javadoc] INFO  o.e.m.c.i.e.AbstractTransferListenerAdapter - Downloaded https://repo.maven.apache.org/maven2/org/junit/platform/junit-platform-commons/1.11.0-M2/junit-platform-commons-1.11.0-M2-sources.jar
2024-06-27 17:54:33,729 [Worker-31: Download sources and javadoc] INFO  o.e.m.j.internal.DownloadSourcesJob - Downloaded sources for org.junit.platform:junit-platform-commons:1.11.0-M2
2024-06-27 17:54:33,795 [Worker-31: Download sources and javadoc] INFO  o.e.m.c.i.e.AbstractTransferListenerAdapter - Downloading https://repo.maven.apache.org/maven2/org/apiguardian/apiguardian-api/1.1.2/apiguardian-api-1.1.2-sources.jar
2024-06-27 17:54:33,801 [Worker-31: Download sources and javadoc] INFO  o.e.m.c.i.e.AbstractTransferListenerAdapter - Downloaded https://repo.maven.apache.org/maven2/org/apiguardian/apiguardian-api/1.1.2/apiguardian-api-1.1.2-sources.jar
2024-06-27 17:54:33,807 [Worker-31: Download sources and javadoc] INFO  o.e.m.j.internal.DownloadSourcesJob - Downloaded sources for org.apiguardian:apiguardian-api:1.1.2
2024-06-27 17:56:47,304 [Worker-31: Launching RecursosTeste] INFO  o.a.m.s.f.DefaultMavenResourcesFiltering - skip non existing resourceDirectory C:\Users\Caio Gomes Silva\Documents\BootcampSantanderJava\Java_Maven\Aulas\testes-com-eclipse\src\main\resources
2024-06-27 17:56:47,307 [Worker-31: Launching RecursosTeste] INFO  o.a.m.s.f.DefaultMavenResourcesFiltering - skip non existing resourceDirectory C:\Users\Caio Gomes Silva\Documents\BootcampSantanderJava\Java_Maven\Aulas\testes-com-eclipse\src\test\resources
2024-06-27 17:57:47,158 [Worker-14: Launching RecursosTeste] INFO  o.a.m.s.f.DefaultMavenResourcesFiltering - skip non existing resourceDirectory C:\Users\Caio Gomes Silva\Documents\BootcampSantanderJava\Java_Maven\Aulas\testes-com-eclipse\src\main\resources
2024-06-27 17:57:47,162 [Worker-14: Launching RecursosTeste] INFO  o.a.m.s.f.DefaultMavenResourcesFiltering - skip non existing resourceDirectory C:\Users\Caio Gomes Silva\Documents\BootcampSantanderJava\Java_Maven\Aulas\testes-com-eclipse\src\test\resources
2024-06-27 18:07:00,919 [Worker-39: Update Maven projects configuration] INFO  o.e.m.c.i.p.ProjectConfigurationManager - Update started
2024-06-27 18:07:01,003 [Worker-39: Update Maven projects configuration] INFO  o.e.m.c.i.l.LifecycleMappingFactory - Using org.eclipse.m2e.jdt.JarLifecycleMapping lifecycle mapping for MavenProject: org.example.caio:project-firtstest-junit:1.0-SNAPSHOT @ C:\Users\Caio Gomes Silva\Documents\BootcampSantanderJava\Java_Maven\Aulas\project-firtstest-junit\pom.xml.
2024-06-27 18:07:01,291 [Worker-39: Update Maven projects configuration] INFO  o.e.m.j.i.AbstractJavaProjectConfigurator - Adding source folder /project-firtstest-junit/src/main/java
2024-06-27 18:07:01,292 [Worker-39: Update Maven projects configuration] INFO  o.e.m.j.i.AbstractJavaProjectConfigurator - Adding resource folder /project-firtstest-junit/src/main/resources
2024-06-27 18:07:01,298 [Worker-39: Update Maven projects configuration] INFO  o.e.m.j.i.AbstractJavaProjectConfigurator - Adding source folder /project-firtstest-junit/src/test/java
2024-06-27 18:07:01,299 [Worker-39: Update Maven projects configuration] INFO  o.e.m.j.i.AbstractJavaProjectConfigurator - Adding resource folder /project-firtstest-junit/src/test/resources
2024-06-27 18:07:01,365 [Worker-39: Update Maven projects configuration] INFO  o.e.m.c.i.p.ProjectConfigurationManager - Update completed for 1 poms: local refresh takes 0,00 sec, refresh facades takes 0,00 sec, update config takes 0,00 sec 
2024-06-27 18:07:01,579 [Worker-37: Building] INFO  o.a.m.s.f.DefaultMavenResourcesFiltering - skip non existing resourceDirectory C:\Users\Caio Gomes Silva\Documents\BootcampSantanderJava\Java_Maven\Aulas\project-firtstest-junit\src\main\resources
2024-06-27 18:07:01,582 [Worker-37: Building] INFO  o.a.m.s.f.DefaultMavenResourcesFiltering - skip non existing resourceDirectory C:\Users\Caio Gomes Silva\Documents\BootcampSantanderJava\Java_Maven\Aulas\project-firtstest-junit\src\test\resources
